<?xml version="1.0" encoding="UTF-8"?>
<!-- Generated by org.testng.reporters.JUnitReportReporter -->
<testsuite hostname="DESKTOP-3SL4KIP" failures="0" tests="1" name="test1" time="0.012" errors="0" timestamp="2021-05-26T10:53:45 IST" skipped="0">
  <testcase classname="test1" name="testLogin" time="0.012"/>
  <system-out/>
</testsuite> <!-- test1 -->
