<?xml version="1.0" encoding="UTF-8"?>
<!-- Generated by org.testng.reporters.JUnitReportReporter -->
<testsuite hostname="DESKTOP-3SL4KIP" failures="0" tests="1" name="com.crm.comcast.genericUtils.PropertyFileUtility" time="0.009" errors="0" timestamp="2021-06-08T04:32:13 IST" skipped="0">
  <testcase classname="com.crm.comcast.genericUtils.PropertyFileUtility" name="readDataFromPropertyFile" time="0.009"/>
  <system-out/>
</testsuite> <!-- com.crm.comcast.genericUtils.PropertyFileUtility -->
