<?xml version="1.0" encoding="UTF-8"?>
<!-- Generated by org.testng.reporters.JUnitReportReporter -->
<testsuite hostname="DESKTOP-3SL4KIP" failures="0" tests="2" name="com.crm.comcast.practice.CreateOrganizationTest" time="54.295" errors="0" timestamp="2021-06-14T11:02:55 IST" skipped="0">
  <testcase classname="com.crm.comcast.practice.CreateOrganizationTest" name="createOrganization" time="26.978"/>
  <system-out/>
  <testcase classname="com.crm.comcast.practice.CreateOrganizationTest" name="createOrganization" time="27.317"/>
  <system-out/>
</testsuite> <!-- com.crm.comcast.practice.CreateOrganizationTest -->
