<?xml version="1.0" encoding="UTF-8"?>
<!-- Generated by org.testng.reporters.JUnitReportReporter -->
<testsuite hostname="DESKTOP-3SL4KIP" failures="0" tests="1" name="com.crm.comcast.practice.DynamicWebTable" time="10.687" errors="0" timestamp="2021-06-09T18:19:58 IST" skipped="0">
  <testcase classname="com.crm.comcast.practice.DynamicWebTable" name="checkBox" time="10.687"/>
  <system-out/>
</testsuite> <!-- com.crm.comcast.practice.DynamicWebTable -->
