<?xml version="1.0" encoding="UTF-8"?>
<!-- Generated by org.testng.reporters.JUnitReportReporter -->
<testsuite hostname="DESKTOP-3SL4KIP" failures="0" tests="1" name="com.crm.comcast.LeadsTest.SearcLead_LeadSource" time="16.546" errors="0" timestamp="2021-06-15T00:29:58 IST" skipped="0">
  <testcase classname="com.crm.comcast.LeadsTest.SearcLead_LeadSource" name="TC055_searchLead" time="16.546"/>
  <system-out/>
</testsuite> <!-- com.crm.comcast.LeadsTest.SearcLead_LeadSource -->
