<?xml version="1.0" encoding="UTF-8"?>
<!-- Generated by org.testng.reporters.JUnitReportReporter -->
<testsuite hostname="DESKTOP-3SL4KIP" failures="0" tests="1" name="com.crm.comcast.LeadsTest.SearchLead_AnnualRevenue" time="20.750" errors="0" timestamp="2021-06-15T00:27:28 IST" skipped="0">
  <testcase classname="com.crm.comcast.LeadsTest.SearchLead_AnnualRevenue" name="TC051_searchLead_Revenue" time="20.750"/>
  <system-out/>
</testsuite> <!-- com.crm.comcast.LeadsTest.SearchLead_AnnualRevenue -->
