<?xml version="1.0" encoding="UTF-8"?>
<!-- Generated by org.testng.reporters.JUnitReportReporter -->
<testsuite hostname="DESKTOP-3SL4KIP" failures="0" tests="1" name="com.crm.comcast.practice.SampleJDBCExecuteQuery" time="0.317" errors="0" timestamp="2021-06-09T07:22:06 IST" skipped="0">
  <testcase classname="com.crm.comcast.practice.SampleJDBCExecuteQuery" name="databaseExecuteQuery" time="0.317"/>
  <system-out/>
</testsuite> <!-- com.crm.comcast.practice.SampleJDBCExecuteQuery -->
