<?xml version="1.0" encoding="UTF-8"?>
<!-- Generated by org.testng.reporters.JUnitReportReporter -->
<testsuite hostname="DESKTOP-3SL4KIP" failures="0" tests="1" name="com.crm.comcast.genericUtils.XmlFileUtility" time="0.117" errors="0" timestamp="2021-06-07T17:14:44 IST" skipped="0">
  <testcase classname="com.crm.comcast.genericUtils.XmlFileUtility" name="readDataFromXml" time="0.117"/>
  <system-out/>
</testsuite> <!-- com.crm.comcast.genericUtils.XmlFileUtility -->
