<?xml version="1.0" encoding="UTF-8"?>
<!-- Generated by org.testng.reporters.JUnitReportReporter -->
<testsuite hostname="DESKTOP-3SL4KIP" failures="0" tests="1" name="com.crm.comcast.practice.checkBox" time="17.249" errors="0" timestamp="2021-06-13T07:54:20 IST" skipped="0">
  <testcase classname="com.crm.comcast.practice.checkBox" name="lastCheckBox" time="17.249"/>
  <system-out/>
</testsuite> <!-- com.crm.comcast.practice.checkBox -->
