<?xml version="1.0" encoding="UTF-8"?>
<!-- Generated by org.testng.reporters.JUnitReportReporter -->
<testsuite hostname="DESKTOP-3SL4KIP" failures="0" tests="1" name="com.crm.comcast.practice.SampleJDBCUpdateQuery" time="0.280" errors="0" timestamp="2021-06-09T07:21:46 IST" skipped="0">
  <testcase classname="com.crm.comcast.practice.SampleJDBCUpdateQuery" name="databaseExeuteUpdate" time="0.280"/>
  <system-out/>
</testsuite> <!-- com.crm.comcast.practice.SampleJDBCUpdateQuery -->
