<?xml version="1.0" encoding="UTF-8"?>
<!-- Generated by org.testng.reporters.JUnitReportReporter -->
<testsuite hostname="DESKTOP-3SL4KIP" failures="0" tests="1" name="com.crm.comcast.LeadsTest.SearchLead_Leadno" time="15.242" errors="0" timestamp="2021-06-08T13:07:25 IST" skipped="0">
  <testcase classname="com.crm.comcast.LeadsTest.SearchLead_Leadno" name="TC054_searchLeadByLeadno" time="15.242"/>
  <system-out/>
</testsuite> <!-- com.crm.comcast.LeadsTest.SearchLead_Leadno -->
