<?xml version="1.0" encoding="UTF-8"?>
<!-- Generated by org.testng.reporters.JUnitReportReporter -->
<testsuite hostname="DESKTOP-3SL4KIP" failures="0" tests="1" name="com.crm.comcast.LeadsTest.SearchLead_Create" time="14.724" errors="0" timestamp="2021-06-11T23:07:37 IST" skipped="0">
  <testcase classname="com.crm.comcast.LeadsTest.SearchLead_Create" name="TC052_searchLead" time="14.724"/>
  <system-out/>
</testsuite> <!-- com.crm.comcast.LeadsTest.SearchLead_Create -->
