<?xml version="1.0" encoding="UTF-8"?>
<!-- Generated by org.testng.reporters.JUnitReportReporter -->
<testsuite hostname="DESKTOP-3SL4KIP" failures="0" tests="1" name="com.crm.comcast.practice.CreateOrganizationWithIndustry" time="12.163" errors="0" timestamp="2021-06-14T10:28:44 IST" skipped="0">
  <testcase classname="com.crm.comcast.practice.CreateOrganizationWithIndustry" name="createOrgWithIndustry" time="12.163"/>
  <system-out/>
</testsuite> <!-- com.crm.comcast.practice.CreateOrganizationWithIndustry -->
