<?xml version="1.0" encoding="UTF-8"?>
<!-- Generated by org.testng.reporters.JUnitReportReporter -->
<testsuite hostname="DESKTOP-3SL4KIP" failures="0" tests="1" name="com.crm.comcast.practice.DemoRead" time="0.323" errors="0" timestamp="2021-06-09T10:46:54 IST" skipped="0">
  <testcase classname="com.crm.comcast.practice.DemoRead" name="demoProperty" time="0.323"/>
  <system-out/>
</testsuite> <!-- com.crm.comcast.practice.DemoRead -->
